<?xml version="1.0" encoding="UTF-8"?>
<testsuite xmlns:xsi="http://www.w3.org/2001/XMLSchema-instance" xsi:noNamespaceSchemaLocation="https://maven.apache.org/surefire/maven-surefire-plugin/xsd/surefire-test-report.xsd" name="TestSuite" time="144.938" tests="8" errors="0" skipped="4" failures="1">
  <properties>
[...]
</properties>
  <testcase name="varifyLoginPageUrl" classname="test.scanario.DemoTest" time="0">
    <skipped message="expected [http://103.206.163.20:9097/mandiri/do/] but found [http://103.206.163.20:9097/mandiri/do/login]"/>
    <system-out><![CDATA[...
... TestNG 6.11 by Cédric Beust (cedric@beust.com)
...

Ready to launch a browser
**Launching Chrome Browser**
Before navigating to: 'http://103.206.163.20:9097/mandiri/do/login'
Navigated to:'http://103.206.163.20:9097/mandiri/do/login'
]]></system-out>
    <system-err><![CDATA[SLF4J: Failed to load class "org.slf4j.impl.StaticLoggerBinder".
SLF4J: Defaulting to no-operation (NOP) logger implementation
SLF4J: See http://www.slf4j.org/codes.html#StaticLoggerBinder for further details.
Starting ChromeDriver 83.0.4103.39 (ccbf011cb2d2b19b506d844400483861342c20cd-refs/branch-heads/4103@{#416}) on port 46943
Only local connections are allowed.
Please see https://chromedriver.chromium.org/security-considerations for suggestions on keeping ChromeDriver safe.
ChromeDriver was started successfully.
Oct 14, 2020 7:04:53 PM org.openqa.selenium.remote.ProtocolHandshake createSession
INFO: Detected dialect: W3C
]]></system-err>
  </testcase>
  <testcase name="varifyLoginPageUrl" classname="test.scanario.DemoTest" time="0">
    <skipped message="expected [http://103.206.163.20:9097/mandiri/do/] but found [http://103.206.163.20:9097/mandiri/do/login]"/>
    <system-out><![CDATA[I am clossing Browser 
Ready to launch a browser
**Launching Chrome Browser**
Before navigating to: 'http://103.206.163.20:9097/mandiri/do/login'
Navigated to:'http://103.206.163.20:9097/mandiri/do/login'
]]></system-out>
    <system-err><![CDATA[Starting ChromeDriver 83.0.4103.39 (ccbf011cb2d2b19b506d844400483861342c20cd-refs/branch-heads/4103@{#416}) on port 1071
Only local connections are allowed.
Please see https://chromedriver.chromium.org/security-considerations for suggestions on keeping ChromeDriver safe.
ChromeDriver was started successfully.
Oct 14, 2020 7:05:20 PM org.openqa.selenium.remote.ProtocolHandshake createSession
INFO: Detected dialect: W3C
]]></system-err>
  </testcase>
  <testcase name="varifyLoginPageUrl" classname="test.scanario.DemoTest" time="0">
    <skipped message="expected [http://103.206.163.20:9097/mandiri/do/] but found [http://103.206.163.20:9097/mandiri/do/login]"/>
    <system-out><![CDATA[I am clossing Browser 
Ready to launch a browser
**Launching Chrome Browser**
Before navigating to: 'http://103.206.163.20:9097/mandiri/do/login'
Navigated to:'http://103.206.163.20:9097/mandiri/do/login'
]]></system-out>
    <system-err><![CDATA[Starting ChromeDriver 83.0.4103.39 (ccbf011cb2d2b19b506d844400483861342c20cd-refs/branch-heads/4103@{#416}) on port 9880
Only local connections are allowed.
Please see https://chromedriver.chromium.org/security-considerations for suggestions on keeping ChromeDriver safe.
ChromeDriver was started successfully.
Oct 14, 2020 7:05:32 PM org.openqa.selenium.remote.ProtocolHandshake createSession
INFO: Detected dialect: W3C
]]></system-err>
  </testcase>
  <testcase name="varifyLoginPageUrl" classname="test.scanario.DemoTest" time="0.134">
    <failure message="expected [http://103.206.163.20:9097/mandiri/do/] but found [http://103.206.163.20:9097/mandiri/do/login]" type="java.lang.AssertionError">java.lang.AssertionError: expected [http://103.206.163.20:9097/mandiri/do/] but found [http://103.206.163.20:9097/mandiri/do/login]
	at test.scanario.DemoTest.varifyLoginPageUrl(DemoTest.java:43)
</failure>
    <system-out><![CDATA[I am clossing Browser 
Ready to launch a browser
**Launching Chrome Browser**
Before navigating to: 'http://103.206.163.20:9097/mandiri/do/login'
Navigated to:'http://103.206.163.20:9097/mandiri/do/login'
]]></system-out>
    <system-err><![CDATA[Starting ChromeDriver 83.0.4103.39 (ccbf011cb2d2b19b506d844400483861342c20cd-refs/branch-heads/4103@{#416}) on port 18405
Only local connections are allowed.
Please see https://chromedriver.chromium.org/security-considerations for suggestions on keeping ChromeDriver safe.
ChromeDriver was started successfully.
Oct 14, 2020 7:05:51 PM org.openqa.selenium.remote.ProtocolHandshake createSession
INFO: Detected dialect: W3C
]]></system-err>
  </testcase>
  <testcase name="varifyLoginPagetitle" classname="test.scanario.DemoTest" time="0">
    <skipped message="expected [Mandiri] but found [Mandiri Agen]"/>
    <system-out><![CDATA[I am clossing Browser 
Ready to launch a browser
**Launching Chrome Browser**
Before navigating to: 'http://103.206.163.20:9097/mandiri/do/login'
Navigated to:'http://103.206.163.20:9097/mandiri/do/login'
Login page tittle Mandiri Agen
]]></system-out>
    <system-err><![CDATA[Starting ChromeDriver 83.0.4103.39 (ccbf011cb2d2b19b506d844400483861342c20cd-refs/branch-heads/4103@{#416}) on port 38646
Only local connections are allowed.
Please see https://chromedriver.chromium.org/security-considerations for suggestions on keeping ChromeDriver safe.
ChromeDriver was started successfully.
Oct 14, 2020 7:06:04 PM org.openqa.selenium.remote.ProtocolHandshake createSession
INFO: Detected dialect: W3C
]]></system-err>
  </testcase>
  <testcase name="varifyLoginPagetitle" classname="test.scanario.DemoTest" time="0.002"/>
  <testcase name="varifyLoginPageLogo" classname="test.scanario.DemoTest" time="0.397"/>
  <testcase name="loginTest" classname="test.scanario.DemoTest" time="3.849"/>
</testsuite>