<?xml version="1.0" encoding="UTF-8"?>
<testng-results skipped="0" failed="0" ignored="0" total="1" passed="1">
  <reporter-output>
  </reporter-output>
  <suite name="Default suite" duration-ms="26817" started-at="2020-10-13T10:19:59Z" finished-at="2020-10-13T10:20:26Z">
    <groups>
    </groups>
    <test name="Default test" duration-ms="26817" started-at="2020-10-13T10:19:59Z" finished-at="2020-10-13T10:20:26Z">
      <class name="test.scanario.CreateCurrencyTest">
        <test-method status="PASS" signature="setUP()[pri:0, instance:test.scanario.CreateCurrencyTest@44c03695]" name="setUP" is-config="true" duration-ms="9714" started-at="2020-10-13T10:19:59Z" finished-at="2020-10-13T10:20:09Z">
          <reporter-output>
          </reporter-output>
        </test-method> <!-- setUP -->
        <test-method status="PASS" signature="loginTest()[pri:1, instance:test.scanario.CreateCurrencyTest@44c03695]" name="loginTest" duration-ms="17062" started-at="2020-10-13T10:20:09Z" finished-at="2020-10-13T10:20:26Z">
          <reporter-output>
          </reporter-output>
        </test-method> <!-- loginTest -->
      </class> <!-- test.scanario.CreateCurrencyTest -->
    </test> <!-- Default test -->
  </suite> <!-- Default suite -->
</testng-results>
